<testsuites id="" name="" tests="4" failures="0" skipped="0" errors="0" time="15.208077999999999">
<testsuite name="TC_01_productPage.test.js" timestamp="2025-02-02T13:55:03.626Z" hostname="Chrome" tests="3" failures="0" skipped="0" time="31.931" errors="0">
<testcase name="@smoke: Login as a standard user to verify the products page and logout from the application › Login to App as a standard user" classname="TC_01_productPage.test.js" time="11.648">
</testcase>
<testcase name="@smoke: Login as a standard user to verify the products page and logout from the application › Click on the &quot;About&quot; side nav bar link to check whether user is navigated to sauce labs page" classname="TC_01_productPage.test.js" time="9.433">
</testcase>
<testcase name="Click on Facebook link and check whether user is navigated to Facebook page" classname="TC_01_productPage.test.js" time="10.85">
</testcase>
</testsuite>
<testsuite name="TC_02_checkoutWorkflow.test.js" timestamp="2025-02-02T13:55:03.626Z" hostname="Chrome" tests="1" failures="0" skipped="0" time="13.003" errors="0">
<testcase name="Login as a standard user to complete the checkout workflow › Login to App as a standard user" classname="TC_02_checkoutWorkflow.test.js" time="13.003">
</testcase>
</testsuite>
</testsuites>